<?xml version="1.0" encoding="UTF-8"?>
<testsuites name="jest tests" tests="4" failures="2" errors="0" time="4.383">
  <testsuite name="undefined" errors="0" failures="2" skipped="0" timestamp="2023-08-20T11:22:49" time="3.659" tests="4">
    <testcase classname=" initial UI is rendered as expected" name=" initial UI is rendered as expected" time="0.054">
    </testcase>
    <testcase classname=" search is made on by clicking on search button and no results found" name=" search is made on by clicking on search button and no results found" time="0.035">
    </testcase>
    <testcase classname=" search is made on by clicking on search button and result found - test 1" name=" search is made on by clicking on search button and result found - test 1" time="1.021">
      <failure>TypeError: Cannot read properties of null (reading &apos;childNodes&apos;)

Ignored nodes: comments, script, style
&lt;html&gt;
  &lt;head /&gt;
  &lt;body&gt;
    &lt;div&gt;
      &lt;div&gt;
        &lt;h8k-navbar
          header=&quot;Stock Data&quot;
        /&gt;
        &lt;div
          class=&quot;layout-column align-items-center mt-50&quot;
        &gt;
          &lt;section
            class=&quot;layout-row align-items-center justify-content-center&quot;
          &gt;
            &lt;input
              class=&quot;large&quot;
              data-testid=&quot;app-input&quot;
              id=&quot;app-input&quot;
              placeholder=&quot;5-January-2000&quot;
              type=&quot;text&quot;
              value=&quot;5-January-2000&quot;
            /&gt;
            &lt;button
              class=&quot;&quot;
              data-testid=&quot;submit-button&quot;
              id=&quot;submit-button&quot;
            &gt;
              Search
            &lt;/button&gt;
          &lt;/section&gt;
          &lt;ul
            class=&quot;mt-50 slide-up-fade-in styled&quot;
          &gt;
            &lt;li
              class=&quot;py-10&quot;
            &gt;
              Open: 
              5265.09
            &lt;/li&gt;
            &lt;li
              class=&quot;py-10&quot;
            &gt;
              Close: 
              5357
            &lt;/li&gt;
            &lt;li
              class=&quot;py-10&quot;
            &gt;
              High: 
              5464.35
            &lt;/li&gt;
            &lt;li
              class=&quot;py-10&quot;
            &gt;
              Low: 
              5184.48
            &lt;/li&gt;
          &lt;/ul&gt;
        &lt;/div&gt;
      &lt;/div&gt;
    &lt;/div&gt;
  &lt;/body&gt;
&lt;/html&gt;
    at /projects/challenge/src/App.test.js:61:20
    at runWithExpensiveErrorDiagnosticsDisabled (/projects/challenge/node_modules/@testing-library/dom/dist/config.js:47:12)
    at checkCallback (/projects/challenge/node_modules/@testing-library/dom/dist/wait-for.js:127:77)
    at checkRealTimersCallback (/projects/challenge/node_modules/@testing-library/dom/dist/wait-for.js:121:16)
    at Timeout.task [as _onTimeout] (/projects/challenge/node_modules/jsdom/lib/jsdom/browser/Window.js:516:19)
    at listOnTimeout (node:internal/timers:569:17)
    at processTimers (node:internal/timers:512:7)</failure>
    </testcase>
    <testcase classname=" search is made on by clicking on search button and result found - test 2" name=" search is made on by clicking on search button and result found - test 2" time="1.019">
      <failure>TypeError: Cannot read properties of null (reading &apos;childNodes&apos;)

Ignored nodes: comments, script, style
&lt;html&gt;
  &lt;head /&gt;
  &lt;body&gt;
    &lt;div&gt;
      &lt;div&gt;
        &lt;h8k-navbar
          header=&quot;Stock Data&quot;
        /&gt;
        &lt;div
          class=&quot;layout-column align-items-center mt-50&quot;
        &gt;
          &lt;section
            class=&quot;layout-row align-items-center justify-content-center&quot;
          &gt;
            &lt;input
              class=&quot;large&quot;
              data-testid=&quot;app-input&quot;
              id=&quot;app-input&quot;
              placeholder=&quot;5-January-2000&quot;
              type=&quot;text&quot;
              value=&quot;5-January-2001&quot;
            /&gt;
            &lt;button
              class=&quot;&quot;
              data-testid=&quot;submit-button&quot;
              id=&quot;submit-button&quot;
            &gt;
              Search
            &lt;/button&gt;
          &lt;/section&gt;
          &lt;ul
            class=&quot;mt-50 slide-up-fade-in styled&quot;
          &gt;
            &lt;li
              class=&quot;py-10&quot;
            &gt;
              Open: 
              4116.34
            &lt;/li&gt;
            &lt;li
              class=&quot;py-10&quot;
            &gt;
              Close: 
              4183.73
            &lt;/li&gt;
            &lt;li
              class=&quot;py-10&quot;
            &gt;
              High: 
              4195.01
            &lt;/li&gt;
            &lt;li
              class=&quot;py-10&quot;
            &gt;
              Low: 
              4115.35
            &lt;/li&gt;
          &lt;/ul&gt;
        &lt;/div&gt;
      &lt;/div&gt;
    &lt;/div&gt;
  &lt;/body&gt;
&lt;/html&gt;
    at /projects/challenge/src/App.test.js:90:20
    at runWithExpensiveErrorDiagnosticsDisabled (/projects/challenge/node_modules/@testing-library/dom/dist/config.js:47:12)
    at checkCallback (/projects/challenge/node_modules/@testing-library/dom/dist/wait-for.js:127:77)
    at checkRealTimersCallback (/projects/challenge/node_modules/@testing-library/dom/dist/wait-for.js:121:16)
    at Timeout.task [as _onTimeout] (/projects/challenge/node_modules/jsdom/lib/jsdom/browser/Window.js:516:19)
    at listOnTimeout (node:internal/timers:569:17)
    at processTimers (node:internal/timers:512:7)</failure>
    </testcase>
  </testsuite>
</testsuites>